Vivado Simulator 2018.3
Time resolution is 1 ps
Value of 'sel':1  :    2
Value of 'sel':2  :    4
Value of 'sel':3  :    6
Value of 'sel':0  :    8
Value of 'sel':1  :   10
Value of 'sel':2  :   12
Value of 'sel':3  :   14
Value of 'y':1  :   15
Value of 'sel':0  :   16
Value of 'sel':1  :   18
Value of 'sel':2  :   20
Value of 'sel':3  :   22
Value of 'sel':0  :   24
Value of 'sel':1  :   26
Value of 'sel':2  :   28
Value of 'y':2  :   30
Value of 'sel':3  :   30
Value of 'sel':0  :   32
Value of 'sel':1  :   34
Value of 'sel':2  :   36
Value of 'sel':3  :   38
Value of 'sel':0  :   40
Value of 'sel':1  :   42
Value of 'sel':2  :   44
Value of 'y':3  :   45
Value of 'sel':3  :   46
Value of 'sel':0  :   48
Value of 'sel':1  :   50
Value of 'sel':2  :   52
Value of 'sel':3  :   54
Value of 'sel':0  :   56
Value of 'sel':1  :   58
Value of 'y':4  :   60
Value of 'sel':2  :   60
Value of 'sel':3  :   62
Value of 'sel':0  :   64
Value of 'sel':1  :   66
Value of 'sel':2  :   68
Value of 'sel':3  :   70
Value of 'sel':0  :   72
Value of 'sel':1  :   74
Value of 'y':5  :   75
Value of 'sel':2  :   76
Value of 'sel':3  :   78
Value of 'sel':0  :   80
Value of 'sel':1  :   82
Value of 'sel':2  :   84
Value of 'sel':3  :   86
Value of 'sel':0  :   88
Value of 'y':6  :   90
Value of 'sel':1  :   90
Value of 'sel':2  :   92
Value of 'sel':3  :   94
Value of 'sel':0  :   96
Value of 'sel':1  :   98
Value of 'sel':2  :  100
Value of 'sel':3  :  102
Value of 'sel':0  :  104
Value of 'y':7  :  105
Value of 'sel':1  :  106
Value of 'sel':2  :  108
Value of 'sel':3  :  110
Value of 'sel':0  :  112
Value of 'sel':1  :  114
Value of 'sel':2  :  116
Value of 'sel':3  :  118
Value of 'y':8  :  120
Value of 'sel':0  :  120
Value of 'sel':1  :  122
Value of 'sel':2  :  124
Value of 'sel':3  :  126
Value of 'sel':0  :  128
Value of 'sel':1  :  130
Value of 'sel':2  :  132
Value of 'sel':3  :  134
Value of 'y':9  :  135
Value of 'sel':0  :  136
Value of 'sel':1  :  138
Value of 'sel':2  :  140
Value of 'sel':3  :  142
Value of 'sel':0  :  144
Value of 'sel':1  :  146
Value of 'sel':2  :  148
Value of 'x':1  :  150
Value of 'y':10  :  150
Value of 'sel':3  :  150
Value of 'sel':0  :  152
Value of 'sel':1  :  154
Value of 'sel':2  :  156
Value of 'sel':3  :  158
Value of 'sel':0  :  160
Value of 'sel':1  :  162
Value of 'sel':2  :  164
Value of 'y':11  :  165
Value of 'sel':3  :  166
Value of 'sel':0  :  168
Value of 'sel':1  :  170
Value of 'sel':2  :  172
Value of 'sel':3  :  174
Value of 'sel':0  :  176
Value of 'sel':1  :  178
Value of 'y':12  :  180
Value of 'sel':2  :  180
Value of 'sel':3  :  182
Value of 'sel':0  :  184
Value of 'sel':1  :  186
Value of 'sel':2  :  188
Value of 'sel':3  :  190
Value of 'sel':0  :  192
Value of 'sel':1  :  194
Value of 'y':13  :  195
Value of 'sel':2  :  196
Value of 'sel':3  :  198
Value of 'sel':0  :  200
Value of 'sel':1  :  202
Value of 'sel':2  :  204
Value of 'sel':3  :  206
Value of 'sel':0  :  208
Value of 'y':14  :  210
Value of 'sel':1  :  210
Value of 'sel':2  :  212
Value of 'sel':3  :  214
Value of 'sel':0  :  216
Value of 'sel':1  :  218
Value of 'sel':2  :  220
Value of 'sel':3  :  222
Value of 'sel':0  :  224
Value of 'y':15  :  225
Value of 'sel':1  :  226
Value of 'sel':2  :  228
Value of 'sel':3  :  230
Value of 'sel':0  :  232
Value of 'sel':1  :  234
Value of 'sel':2  :  236
Value of 'sel':3  :  238
Value of 'y':0  :  240
Value of 'sel':0  :  240
Value of 'sel':1  :  242
Value of 'sel':2  :  244
Value of 'sel':3  :  246
Value of 'sel':0  :  248
Value of 'sel':1  :  250
Value of 'sel':2  :  252
Value of 'sel':3  :  254
Value of 'sel':0  :  256
Value of 'sel':1  :  258
Value of 'sel':2  :  260
Value of 'sel':3  :  262
Value of 'sel':0  :  264
Value of 'sel':1  :  266
Value of 'sel':2  :  268
Value of 'sel':3  :  270
Value of 'sel':0  :  272
Value of 'sel':1  :  274
Value of 'sel':2  :  276
Value of 'sel':3  :  278
Value of 'sel':0  :  280
Value of 'sel':1  :  282
Value of 'sel':2  :  284
Value of 'sel':3  :  286
Value of 'sel':0  :  288
Value of 'sel':1  :  290
Value of 'sel':2  :  292
Value of 'sel':3  :  294
Value of 'sel':0  :  296
Value of 'sel':1  :  298
Value of 'x':2  :  300
Value of 'sel':2  :  300
Value of 'sel':3  :  302
Value of 'sel':0  :  304
Value of 'sel':1  :  306
Value of 'sel':2  :  308
Value of 'sel':3  :  310
Value of 'sel':0  :  312
Value of 'sel':1  :  314
Value of 'sel':2  :  316
Value of 'sel':3  :  318
Value of 'sel':0  :  320
Value of 'sel':1  :  322
Value of 'sel':2  :  324
Value of 'sel':3  :  326
Value of 'sel':0  :  328
Value of 'sel':1  :  330
Value of 'sel':2  :  332
Value of 'sel':3  :  334
Value of 'sel':0  :  336
Value of 'sel':1  :  338
Value of 'sel':2  :  340
Value of 'sel':3  :  342
Value of 'sel':0  :  344
Value of 'sel':1  :  346
Value of 'sel':2  :  348
Value of 'sel':3  :  350
Value of 'sel':0  :  352
Value of 'sel':1  :  354
Value of 'sel':2  :  356
Value of 'sel':3  :  358
Value of 'sel':0  :  360
Value of 'sel':1  :  362
Value of 'sel':2  :  364
Value of 'sel':3  :  366
Value of 'sel':0  :  368
Value of 'sel':1  :  370
Value of 'sel':2  :  372
Value of 'sel':3  :  374
Value of 'sel':0  :  376
Value of 'sel':1  :  378
Value of 'sel':2  :  380
Value of 'sel':3  :  382
Value of 'sel':0  :  384
Value of 'sel':1  :  386
Value of 'sel':2  :  388
Value of 'sel':3  :  390
Value of 'sel':0  :  392
Value of 'sel':1  :  394
Value of 'sel':2  :  396
Value of 'sel':3  :  398
Value of 'sel':0  :  400
Value of 'sel':1  :  402
Value of 'sel':2  :  404
Value of 'sel':3  :  406
Value of 'sel':0  :  408
Value of 'sel':1  :  410
Value of 'sel':2  :  412
Value of 'sel':3  :  414
Value of 'sel':0  :  416
Value of 'sel':1  :  418
Value of 'sel':2  :  420
Value of 'sel':3  :  422
Value of 'sel':0  :  424
Value of 'sel':1  :  426
Value of 'sel':2  :  428
Value of 'sel':3  :  430
Value of 'sel':0  :  432
Value of 'sel':1  :  434
Value of 'sel':2  :  436
Value of 'sel':3  :  438
Value of 'sel':0  :  440
Value of 'sel':1  :  442
Value of 'sel':2  :  444
Value of 'sel':3  :  446
Value of 'sel':0  :  448
Value of 'x':3  :  450
Value of 'sel':1  :  450
Value of 'sel':2  :  452
Value of 'sel':3  :  454
Value of 'sel':0  :  456
Value of 'sel':1  :  458
Value of 'sel':2  :  460
Value of 'sel':3  :  462
Value of 'sel':0  :  464
Value of 'sel':1  :  466
Value of 'sel':2  :  468
Value of 'sel':3  :  470
Value of 'sel':0  :  472
Value of 'sel':1  :  474
Value of 'sel':2  :  476
Value of 'sel':3  :  478
Value of 'sel':0  :  480
Value of 'sel':1  :  482
Value of 'sel':2  :  484
Value of 'sel':3  :  486
Value of 'sel':0  :  488
Value of 'sel':1  :  490
Value of 'sel':2  :  492
Value of 'sel':3  :  494
Value of 'sel':0  :  496
Value of 'sel':1  :  498
Value of 'sel':2  :  500
Value of 'sel':3  :  502
Value of 'sel':0  :  504
Value of 'sel':1  :  506
Value of 'sel':2  :  508
Value of 'sel':3  :  510
Value of 'sel':0  :  512
Value of 'sel':1  :  514
Value of 'sel':2  :  516
Value of 'sel':3  :  518
Value of 'sel':0  :  520
Value of 'sel':1  :  522
Value of 'sel':2  :  524
Value of 'sel':3  :  526
Value of 'sel':0  :  528
Value of 'sel':1  :  530
Value of 'sel':2  :  532
Value of 'sel':3  :  534
Value of 'sel':0  :  536
Value of 'sel':1  :  538
Value of 'sel':2  :  540
Value of 'sel':3  :  542
Value of 'sel':0  :  544
Value of 'sel':1  :  546
Value of 'sel':2  :  548
Value of 'sel':3  :  550
Value of 'sel':0  :  552
Value of 'sel':1  :  554
Value of 'sel':2  :  556
Value of 'sel':3  :  558
Value of 'sel':0  :  560
Value of 'sel':1  :  562
Value of 'sel':2  :  564
Value of 'sel':3  :  566
Value of 'sel':0  :  568
Value of 'sel':1  :  570
Value of 'sel':2  :  572
Value of 'sel':3  :  574
Value of 'sel':0  :  576
Value of 'sel':1  :  578
Value of 'sel':2  :  580
Value of 'sel':3  :  582
Value of 'sel':0  :  584
Value of 'sel':1  :  586
Value of 'sel':2  :  588
Value of 'sel':3  :  590
Value of 'sel':0  :  592
Value of 'sel':1  :  594
Value of 'sel':2  :  596
Value of 'sel':3  :  598
Value of 'x':4  :  600
Value of 'sel':0  :  600
Value of 'sel':1  :  602
Value of 'sel':2  :  604
Value of 'sel':3  :  606
Value of 'sel':0  :  608
Value of 'sel':1  :  610
Value of 'sel':2  :  612
Value of 'sel':3  :  614
Value of 'sel':0  :  616
Value of 'sel':1  :  618
Value of 'sel':2  :  620
Value of 'sel':3  :  622
Value of 'sel':0  :  624
Value of 'sel':1  :  626
Value of 'sel':2  :  628
Value of 'sel':3  :  630
Value of 'sel':0  :  632
Value of 'sel':1  :  634
Value of 'sel':2  :  636
Value of 'sel':3  :  638
Value of 'sel':0  :  640
Value of 'sel':1  :  642
Value of 'sel':2  :  644
Value of 'sel':3  :  646
Value of 'sel':0  :  648
Value of 'sel':1  :  650
Value of 'sel':2  :  652
Value of 'sel':3  :  654
Value of 'sel':0  :  656
Value of 'sel':1  :  658
Value of 'sel':2  :  660
Value of 'sel':3  :  662
Value of 'sel':0  :  664
Value of 'sel':1  :  666
Value of 'sel':2  :  668
Value of 'sel':3  :  670
Value of 'sel':0  :  672
Value of 'sel':1  :  674
Value of 'sel':2  :  676
Value of 'sel':3  :  678
Value of 'sel':0  :  680
Value of 'sel':1  :  682
Value of 'sel':2  :  684
Value of 'sel':3  :  686
Value of 'sel':0  :  688
Value of 'sel':1  :  690
Value of 'sel':2  :  692
Value of 'sel':3  :  694
Value of 'sel':0  :  696
Value of 'sel':1  :  698
Value of 'sel':2  :  700
Value of 'sel':3  :  702
Value of 'sel':0  :  704
Value of 'sel':1  :  706
Value of 'sel':2  :  708
Value of 'sel':3  :  710
Value of 'sel':0  :  712
Value of 'sel':1  :  714
Value of 'sel':2  :  716
Value of 'sel':3  :  718
Value of 'sel':0  :  720
Value of 'sel':1  :  722
Value of 'sel':2  :  724
Value of 'sel':3  :  726
Value of 'sel':0  :  728
Value of 'sel':1  :  730
Value of 'sel':2  :  732
Value of 'sel':3  :  734
Value of 'sel':0  :  736
Value of 'sel':1  :  738
Value of 'sel':2  :  740
Value of 'sel':3  :  742
Value of 'sel':0  :  744
Value of 'sel':1  :  746
Value of 'sel':2  :  748
Value of 'x':5  :  750
Value of 'sel':3  :  750
Value of 'sel':0  :  752
Value of 'sel':1  :  754
Value of 'sel':2  :  756
Value of 'sel':3  :  758
Value of 'sel':0  :  760
Value of 'sel':1  :  762
Value of 'sel':2  :  764
Value of 'sel':3  :  766
Value of 'sel':0  :  768
Value of 'sel':1  :  770
Value of 'sel':2  :  772
Value of 'sel':3  :  774
Value of 'sel':0  :  776
Value of 'sel':1  :  778
Value of 'sel':2  :  780
Value of 'sel':3  :  782
Value of 'sel':0  :  784
Value of 'sel':1  :  786
Value of 'sel':2  :  788
Value of 'sel':3  :  790
Value of 'sel':0  :  792
Value of 'sel':1  :  794
Value of 'sel':2  :  796
Value of 'sel':3  :  798
Value of 'sel':0  :  800
Value of 'sel':1  :  802
Value of 'sel':2  :  804
Value of 'sel':3  :  806
Value of 'sel':0  :  808
Value of 'sel':1  :  810
Value of 'sel':2  :  812
Value of 'sel':3  :  814
Value of 'sel':0  :  816
Value of 'sel':1  :  818
Value of 'sel':2  :  820
Value of 'sel':3  :  822
Value of 'sel':0  :  824
Value of 'sel':1  :  826
Value of 'sel':2  :  828
Value of 'sel':3  :  830
Value of 'sel':0  :  832
Value of 'sel':1  :  834
Value of 'sel':2  :  836
Value of 'sel':3  :  838
Value of 'sel':0  :  840
Value of 'sel':1  :  842
Value of 'sel':2  :  844
Value of 'sel':3  :  846
Value of 'sel':0  :  848
Value of 'sel':1  :  850
Value of 'sel':2  :  852
Value of 'sel':3  :  854
Value of 'sel':0  :  856
Value of 'sel':1  :  858
Value of 'sel':2  :  860
Value of 'sel':3  :  862
Value of 'sel':0  :  864
Value of 'sel':1  :  866
Value of 'sel':2  :  868
Value of 'sel':3  :  870
Value of 'sel':0  :  872
Value of 'sel':1  :  874
Value of 'sel':2  :  876
Value of 'sel':3  :  878
Value of 'sel':0  :  880
Value of 'sel':1  :  882
Value of 'sel':2  :  884
Value of 'sel':3  :  886
Value of 'sel':0  :  888
Value of 'sel':1  :  890
Value of 'sel':2  :  892
Value of 'sel':3  :  894
Value of 'sel':0  :  896
Value of 'sel':1  :  898
Value of 'x':6  :  900
Value of 'sel':2  :  900
Value of 'sel':3  :  902
Value of 'sel':0  :  904
Value of 'sel':1  :  906
Value of 'sel':2  :  908
Value of 'sel':3  :  910
Value of 'sel':0  :  912
Value of 'sel':1  :  914
Value of 'sel':2  :  916
Value of 'sel':3  :  918
Value of 'sel':0  :  920
Value of 'sel':1  :  922
Value of 'sel':2  :  924
Value of 'sel':3  :  926
Value of 'sel':0  :  928
Value of 'sel':1  :  930
Value of 'sel':2  :  932
Value of 'sel':3  :  934
Value of 'sel':0  :  936
Value of 'sel':1  :  938
Value of 'sel':2  :  940
Value of 'sel':3  :  942
Value of 'sel':0  :  944
Value of 'sel':1  :  946
Value of 'sel':2  :  948
Value of 'sel':3  :  950
Value of 'sel':0  :  952
Value of 'sel':1  :  954
Value of 'sel':2  :  956
Value of 'sel':3  :  958
Value of 'sel':0  :  960
Value of 'sel':1  :  962
Value of 'sel':2  :  964
Value of 'sel':3  :  966
Value of 'sel':0  :  968
Value of 'sel':1  :  970
Value of 'sel':2  :  972
Value of 'sel':3  :  974
Value of 'sel':0  :  976
Value of 'sel':1  :  978
Value of 'sel':2  :  980
Value of 'sel':3  :  982
Value of 'sel':0  :  984
Value of 'sel':1  :  986
Value of 'sel':2  :  988
Value of 'sel':3  :  990
Value of 'sel':0  :  992
Value of 'sel':1  :  994
Value of 'sel':2  :  996
Value of 'sel':3  :  998
Value of 'sel':0  :  1000
